2025-08-30 15:36:05,158 - INFO - Starting forecast generation
2025-08-30 15:36:06,294 - INFO - Model loaded successfully from urban-air-forecast/models/lgbm_pm25.joblib
2025-08-30 15:36:06,432 - INFO - Data loaded - Features: (2088, 28), Weather: (2160, 7), Simulation: (2160, 6)
2025-08-30 15:36:06,434 - ERROR - Forecast generation failed: Insufficient driver coverage. Need 72h ahead, got weather until 2024-01-30 23:00:00, simulation until 2024-01-30 23:00:00
2025-08-30 15:37:10,067 - INFO - Starting forecast generation
2025-08-30 15:37:11,118 - INFO - Model loaded successfully from urban-air-forecast/models/lgbm_pm25.joblib
2025-08-30 15:37:11,303 - INFO - Data loaded - Features: (2088, 28), Weather: (2376, 7), Simulation: (2376, 6)
2025-08-30 15:37:11,304 - ERROR - Forecast generation failed: Insufficient driver coverage. Need 72h ahead, got weather until 2024-02-02 23:00:00, simulation until 2024-02-02 23:00:00
2025-08-30 15:38:02,438 - INFO - Starting forecast generation
2025-08-30 15:38:03,492 - INFO - Model loaded successfully from urban-air-forecast/models/lgbm_pm25.joblib
2025-08-30 15:38:03,630 - INFO - Data loaded - Features: (2088, 28), Weather: (2376, 7), Simulation: (2376, 6)
2025-08-30 15:38:03,634 - INFO - Using data until 2024-02-02 23:00:00 for forecasting
2025-08-30 15:38:03,635 - INFO - Weather coverage: 2024-02-02 23:00:00, Simulation coverage: 2024-02-02 23:00:00
2025-08-30 15:38:03,638 - ERROR - Forecast generation failed: agg function failed [how->mean,dtype->object]
2025-08-30 15:38:53,584 - INFO - Starting forecast generation
2025-08-30 15:38:54,621 - INFO - Model loaded successfully from urban-air-forecast/models/lgbm_pm25.joblib
2025-08-30 15:38:54,763 - INFO - Data loaded - Features: (2088, 28), Weather: (2376, 7), Simulation: (2376, 6)
2025-08-30 15:38:54,764 - INFO - Using data until 2024-02-02 23:00:00 for forecasting
2025-08-30 15:38:54,764 - INFO - Weather coverage: 2024-02-02 23:00:00, Simulation coverage: 2024-02-02 23:00:00
2025-08-30 15:38:54,778 - INFO - Missing values filled for 5 columns
2025-08-30 15:38:54,778 - INFO - Resampled to hourly: (792, 7)
2025-08-30 15:38:54,786 - INFO - Missing values filled for 4 columns
2025-08-30 15:38:54,786 - INFO - Resampled to hourly: (792, 6)
2025-08-30 15:38:54,971 - INFO - Prepared forecast features: (216, 29)
2025-08-30 15:38:54,972 - INFO - Using 15 features: ['no2', 'so2', 'co', 'o3', 'temp_c', 'industrial_idx', 'dispersion_pm25', 'hour', 'day_of_week', 'is_weekend', 'pm25_lag1', 'pm25_lag24', 'pm25_roll_3h', 'pm25_roll_24h', 'temp_roll_6h']
2025-08-30 15:38:54,975 - ERROR - Forecast generation failed: cannot access local variable 'prev_forecasts' where it is not associated with a value
2025-08-30 15:40:10,429 - INFO - Starting forecast generation
2025-08-30 15:40:11,453 - INFO - Model loaded successfully from urban-air-forecast/models/lgbm_pm25.joblib
2025-08-30 15:40:11,591 - INFO - Data loaded - Features: (2088, 28), Weather: (2376, 7), Simulation: (2376, 6)
2025-08-30 15:40:11,592 - INFO - Using data until 2024-02-02 23:00:00 for forecasting
2025-08-30 15:40:11,593 - INFO - Weather coverage: 2024-02-02 23:00:00, Simulation coverage: 2024-02-02 23:00:00
2025-08-30 15:40:11,600 - INFO - Missing values filled for 5 columns
2025-08-30 15:40:11,600 - INFO - Resampled to hourly: (792, 7)
2025-08-30 15:40:11,607 - INFO - Missing values filled for 4 columns
2025-08-30 15:40:11,608 - INFO - Resampled to hourly: (792, 6)
2025-08-30 15:40:11,780 - INFO - Prepared forecast features: (216, 29)
2025-08-30 15:40:11,781 - INFO - Using 15 features: ['no2', 'so2', 'co', 'o3', 'temp_c', 'industrial_idx', 'dispersion_pm25', 'hour', 'day_of_week', 'is_weekend', 'pm25_lag1', 'pm25_lag24', 'pm25_roll_3h', 'pm25_roll_24h', 'temp_roll_6h']
2025-08-30 15:40:13,792 - INFO - Generated 216 recursive forecasts
2025-08-30 15:40:13,799 - INFO - Forecast saved to urban-air-forecast/output/forecast_pm25.csv
2025-08-30 15:40:13,800 - INFO - Forecast stats: mean=57.93, std=9.51
2025-08-30 15:40:13,804 - INFO - Forecast generation completed successfully
2025-08-30 15:40:13,805 - INFO - Generated forecasts for 3 stations, 72 horizons
2025-08-30 15:40:13,839 - INFO - Provenance hash: dcfaf9d16cdd7a5c...
2025-08-30 15:48:33,245 - INFO - Starting comprehensive forecast generation
2025-08-30 15:48:35,082 - INFO - Model loaded successfully from urban-air-forecast/models/lgbm_pm25.joblib
2025-08-30 15:48:35,205 - INFO - Schema validation passed for weather.csv
2025-08-30 15:48:35,207 - INFO - Schema validation passed for simulation.csv
2025-08-30 15:48:35,213 - INFO - Data loaded - Features: (2088, 28), Weather: (2376, 7), Simulation: (2376, 6)
2025-08-30 15:48:35,220 - INFO - Station coverage analysis:
2025-08-30 15:48:35,221 - INFO -   ST001: features=2024-01-30 23:00:00+05:30, weather=2024-02-02 23:00:00+05:30, simulation=2024-02-02 23:00:00+05:30
2025-08-30 15:48:35,222 - INFO -   ST002: features=2024-01-30 23:00:00+05:30, weather=2024-02-02 23:00:00+05:30, simulation=2024-02-02 23:00:00+05:30
2025-08-30 15:48:35,222 - INFO -   ST003: features=2024-01-30 23:00:00+05:30, weather=2024-02-02 23:00:00+05:30, simulation=2024-02-02 23:00:00+05:30
2025-08-30 15:48:35,223 - INFO - Common coverage until: 2024-01-30 23:00:00+05:30
2025-08-30 15:48:35,233 - INFO - Missing values filled for 5 columns
2025-08-30 15:48:35,234 - INFO - Resampled to hourly: (792, 7)
2025-08-30 15:48:35,242 - INFO - Missing values filled for 4 columns
2025-08-30 15:48:35,243 - INFO - Resampled to hourly: (792, 6)
2025-08-30 15:48:35,686 - INFO - Driver coverage: {'no_drivers': 144, 'ok': 72}
2025-08-30 15:48:35,687 - INFO - Prepared forecast features: (216, 32)
2025-08-30 15:48:35,688 - INFO - Using 15 features: ['no2', 'so2', 'co', 'o3', 'temp_c', 'industrial_idx', 'dispersion_pm25', 'hour', 'day_of_week', 'is_weekend', 'pm25_lag1', 'pm25_lag24', 'pm25_roll_3h', 'pm25_roll_24h', 'temp_roll_6h']
2025-08-30 15:48:37,685 - INFO - Generated 216 recursive forecasts
2025-08-30 15:48:37,688 - INFO - Forecast validation: pass
2025-08-30 15:48:37,690 - INFO - Forecast stats: mean=57.22, std=9.86
2025-08-30 15:48:37,717 - INFO - Comprehensive output saved to urban-air-forecast\output
2025-08-30 15:48:37,718 - INFO - Files created: forecast_pm25.csv, forecast_schema.json, forecast_metadata.json, forecast_metrics.json, run_config.json, environment.json
2025-08-30 15:48:37,719 - INFO - Forecast generation completed successfully
2025-08-30 15:48:37,720 - INFO - Generated forecasts for 3 stations, 72 horizons
2025-08-30 15:48:37,720 - INFO - Forecast range: 46.14 - 72.85 ug/m3
2025-08-30 15:48:37,720 - INFO - Validation status: pass
2025-08-30 16:05:55,259 - INFO - Starting enhanced forecast generation
2025-08-30 16:05:56,507 - INFO - Model loaded with 15 features
2025-08-30 16:05:56,630 - INFO - Historical data loaded: (2088, 28)
2025-08-30 16:05:56,648 - INFO - Driver data coverage: 3300.00% (2376/72h)
2025-08-30 16:05:56,649 - INFO - Issue time: 2024-01-30 23:00:00+05:30
2025-08-30 16:05:56,650 - INFO - Generating forecasts for station ST001
2025-08-30 16:05:58,300 - WARNING - Hour 2: Missing features ['pm25_lag1']...
2025-08-30 16:05:58,303 - WARNING - Hour 3: Missing features ['pm25_lag1', 'pm25_roll_3h']...
2025-08-30 16:05:58,306 - WARNING - Hour 4: Missing features ['pm25_lag1', 'pm25_roll_3h']...
2025-08-30 16:05:58,309 - WARNING - Hour 5: Missing features ['pm25_lag1', 'pm25_roll_3h']...
2025-08-30 16:05:58,311 - WARNING - Hour 6: Missing features ['pm25_lag1', 'pm25_roll_3h']...
2025-08-30 16:05:58,316 - WARNING - Hour 7: Missing features ['pm25_lag1', 'pm25_roll_3h']...
2025-08-30 16:05:58,318 - WARNING - Hour 8: Missing features ['pm25_lag1', 'pm25_roll_3h']...
2025-08-30 16:05:58,321 - WARNING - Hour 9: Missing features ['pm25_lag1', 'pm25_roll_3h']...
2025-08-30 16:05:58,324 - WARNING - Hour 10: Missing features ['pm25_lag1', 'pm25_roll_3h']...
2025-08-30 16:05:58,327 - WARNING - Hour 11: Missing features ['pm25_lag1', 'pm25_roll_3h']...
2025-08-30 16:05:58,332 - WARNING - Hour 12: Missing features ['pm25_lag1', 'pm25_roll_3h']...
2025-08-30 16:05:58,335 - WARNING - Hour 13: Missing features ['pm25_lag1', 'pm25_roll_3h']...
2025-08-30 16:05:58,339 - WARNING - Hour 14: Missing features ['pm25_lag1', 'pm25_roll_3h']...
2025-08-30 16:05:58,342 - WARNING - Hour 15: Missing features ['pm25_lag1', 'pm25_roll_3h']...
2025-08-30 16:05:58,344 - WARNING - Hour 16: Missing features ['pm25_lag1', 'pm25_roll_3h']...
2025-08-30 16:05:58,346 - WARNING - Hour 17: Missing features ['pm25_lag1', 'pm25_roll_3h']...
2025-08-30 16:05:58,350 - WARNING - Hour 18: Missing features ['pm25_lag1', 'pm25_roll_3h']...
2025-08-30 16:05:58,352 - WARNING - Hour 19: Missing features ['pm25_lag1', 'pm25_roll_3h']...
2025-08-30 16:05:58,355 - WARNING - Hour 20: Missing features ['pm25_lag1', 'pm25_roll_3h']...
2025-08-30 16:05:58,358 - WARNING - Hour 21: Missing features ['pm25_lag1', 'pm25_roll_3h']...
2025-08-30 16:05:58,360 - WARNING - Hour 22: Missing features ['pm25_lag1', 'pm25_roll_3h']...
2025-08-30 16:05:58,363 - WARNING - Hour 23: Missing features ['pm25_lag1', 'pm25_roll_3h']...
2025-08-30 16:05:58,366 - WARNING - Hour 24: Missing features ['pm25_lag1', 'pm25_roll_3h', 'pm25_roll_24h']...
2025-08-30 16:05:58,368 - WARNING - Hour 25: Missing features ['pm25_lag1', 'pm25_lag24', 'pm25_roll_3h']...
2025-08-30 16:05:58,369 - WARNING - Hour 26: Missing features ['pm25_lag1', 'pm25_lag24', 'pm25_roll_3h']...
2025-08-30 16:05:58,373 - WARNING - Hour 27: Missing features ['pm25_lag1', 'pm25_lag24', 'pm25_roll_3h']...
2025-08-30 16:05:58,375 - WARNING - Hour 28: Missing features ['pm25_lag1', 'pm25_lag24', 'pm25_roll_3h']...
2025-08-30 16:05:58,377 - WARNING - Hour 29: Missing features ['pm25_lag1', 'pm25_lag24', 'pm25_roll_3h']...
2025-08-30 16:05:58,379 - WARNING - Hour 30: Missing features ['pm25_lag1', 'pm25_lag24', 'pm25_roll_3h']...
2025-08-30 16:05:58,382 - WARNING - Hour 31: Missing features ['pm25_lag1', 'pm25_lag24', 'pm25_roll_3h']...
2025-08-30 16:05:58,385 - WARNING - Hour 32: Missing features ['pm25_lag1', 'pm25_lag24', 'pm25_roll_3h']...
2025-08-30 16:05:58,387 - WARNING - Hour 33: Missing features ['pm25_lag1', 'pm25_lag24', 'pm25_roll_3h']...
2025-08-30 16:05:58,390 - WARNING - Hour 34: Missing features ['pm25_lag1', 'pm25_lag24', 'pm25_roll_3h']...
2025-08-30 16:05:58,393 - WARNING - Hour 35: Missing features ['pm25_lag1', 'pm25_lag24', 'pm25_roll_3h']...
2025-08-30 16:05:58,394 - WARNING - Hour 36: Missing features ['pm25_lag1', 'pm25_lag24', 'pm25_roll_3h']...
2025-08-30 16:05:58,397 - WARNING - Hour 37: Missing features ['pm25_lag1', 'pm25_lag24', 'pm25_roll_3h']...
2025-08-30 16:05:58,400 - WARNING - Hour 38: Missing features ['pm25_lag1', 'pm25_lag24', 'pm25_roll_3h']...
2025-08-30 16:05:58,402 - WARNING - Hour 39: Missing features ['pm25_lag1', 'pm25_lag24', 'pm25_roll_3h']...
2025-08-30 16:05:58,403 - WARNING - Hour 40: Missing features ['pm25_lag1', 'pm25_lag24', 'pm25_roll_3h']...
2025-08-30 16:05:58,407 - WARNING - Hour 41: Missing features ['pm25_lag1', 'pm25_lag24', 'pm25_roll_3h']...
2025-08-30 16:05:58,409 - WARNING - Hour 42: Missing features ['pm25_lag1', 'pm25_lag24', 'pm25_roll_3h']...
2025-08-30 16:05:58,411 - WARNING - Hour 43: Missing features ['pm25_lag1', 'pm25_lag24', 'pm25_roll_3h']...
2025-08-30 16:05:58,415 - WARNING - Hour 44: Missing features ['pm25_lag1', 'pm25_lag24', 'pm25_roll_3h']...
2025-08-30 16:05:58,418 - WARNING - Hour 45: Missing features ['pm25_lag1', 'pm25_lag24', 'pm25_roll_3h']...
2025-08-30 16:05:58,420 - WARNING - Hour 46: Missing features ['pm25_lag1', 'pm25_lag24', 'pm25_roll_3h']...
2025-08-30 16:05:58,424 - WARNING - Hour 47: Missing features ['pm25_lag1', 'pm25_lag24', 'pm25_roll_3h']...
2025-08-30 16:05:58,426 - WARNING - Hour 48: Missing features ['pm25_lag1', 'pm25_lag24', 'pm25_roll_3h']...
2025-08-30 16:05:58,427 - WARNING - Hour 49: Missing features ['pm25_lag1', 'pm25_lag24', 'pm25_roll_3h']...
2025-08-30 16:05:58,430 - WARNING - Hour 50: Missing features ['pm25_lag1', 'pm25_lag24', 'pm25_roll_3h']...
2025-08-30 16:05:58,433 - WARNING - Hour 51: Missing features ['pm25_lag1', 'pm25_lag24', 'pm25_roll_3h']...
2025-08-30 16:05:58,435 - WARNING - Hour 52: Missing features ['pm25_lag1', 'pm25_lag24', 'pm25_roll_3h']...
2025-08-30 16:05:58,436 - WARNING - Hour 53: Missing features ['pm25_lag1', 'pm25_lag24', 'pm25_roll_3h']...
2025-08-30 16:05:58,440 - WARNING - Hour 54: Missing features ['pm25_lag1', 'pm25_lag24', 'pm25_roll_3h']...
2025-08-30 16:05:58,442 - WARNING - Hour 55: Missing features ['pm25_lag1', 'pm25_lag24', 'pm25_roll_3h']...
2025-08-30 16:05:58,444 - WARNING - Hour 56: Missing features ['pm25_lag1', 'pm25_lag24', 'pm25_roll_3h']...
2025-08-30 16:05:58,446 - WARNING - Hour 57: Missing features ['pm25_lag1', 'pm25_lag24', 'pm25_roll_3h']...
2025-08-30 16:05:58,449 - WARNING - Hour 58: Missing features ['pm25_lag1', 'pm25_lag24', 'pm25_roll_3h']...
2025-08-30 16:05:58,451 - WARNING - Hour 59: Missing features ['pm25_lag1', 'pm25_lag24', 'pm25_roll_3h']...
2025-08-30 16:05:58,453 - WARNING - Hour 60: Missing features ['pm25_lag1', 'pm25_lag24', 'pm25_roll_3h']...
2025-08-30 16:05:58,456 - WARNING - Hour 61: Missing features ['pm25_lag1', 'pm25_lag24', 'pm25_roll_3h']...
2025-08-30 16:05:58,458 - WARNING - Hour 62: Missing features ['pm25_lag1', 'pm25_lag24', 'pm25_roll_3h']...
2025-08-30 16:05:58,460 - WARNING - Hour 63: Missing features ['pm25_lag1', 'pm25_lag24', 'pm25_roll_3h']...
2025-08-30 16:05:58,461 - WARNING - Hour 64: Missing features ['pm25_lag1', 'pm25_lag24', 'pm25_roll_3h']...
2025-08-30 16:05:58,465 - WARNING - Hour 65: Missing features ['pm25_lag1', 'pm25_lag24', 'pm25_roll_3h']...
2025-08-30 16:05:58,466 - WARNING - Hour 66: Missing features ['pm25_lag1', 'pm25_lag24', 'pm25_roll_3h']...
2025-08-30 16:05:58,468 - WARNING - Hour 67: Missing features ['pm25_lag1', 'pm25_lag24', 'pm25_roll_3h']...
2025-08-30 16:05:58,470 - WARNING - Hour 68: Missing features ['pm25_lag1', 'pm25_lag24', 'pm25_roll_3h']...
2025-08-30 16:05:58,473 - WARNING - Hour 69: Missing features ['pm25_lag1', 'pm25_lag24', 'pm25_roll_3h']...
2025-08-30 16:05:58,475 - WARNING - Hour 70: Missing features ['pm25_lag1', 'pm25_lag24', 'pm25_roll_3h']...
2025-08-30 16:05:58,477 - WARNING - Hour 71: Missing features ['pm25_lag1', 'pm25_lag24', 'pm25_roll_3h']...
2025-08-30 16:05:58,478 - WARNING - Hour 72: Missing features ['pm25_lag1', 'pm25_lag24', 'pm25_roll_3h']...
2025-08-30 16:05:58,482 - INFO - Generating forecasts for station ST002
2025-08-30 16:05:58,531 - WARNING - Hour 2: Missing features ['pm25_lag1']...
2025-08-30 16:05:58,533 - WARNING - Hour 3: Missing features ['pm25_lag1', 'pm25_roll_3h']...
2025-08-30 16:05:58,535 - WARNING - Hour 4: Missing features ['pm25_lag1', 'pm25_roll_3h']...
2025-08-30 16:05:58,536 - WARNING - Hour 5: Missing features ['pm25_lag1', 'pm25_roll_3h']...
2025-08-30 16:05:58,539 - WARNING - Hour 6: Missing features ['pm25_lag1', 'pm25_roll_3h']...
2025-08-30 16:05:58,541 - WARNING - Hour 7: Missing features ['pm25_lag1', 'pm25_roll_3h']...
2025-08-30 16:05:58,543 - WARNING - Hour 8: Missing features ['pm25_lag1', 'pm25_roll_3h']...
2025-08-30 16:05:58,544 - WARNING - Hour 9: Missing features ['pm25_lag1', 'pm25_roll_3h']...
2025-08-30 16:05:58,547 - WARNING - Hour 10: Missing features ['pm25_lag1', 'pm25_roll_3h']...
2025-08-30 16:05:58,550 - WARNING - Hour 11: Missing features ['pm25_lag1', 'pm25_roll_3h']...
2025-08-30 16:05:58,551 - WARNING - Hour 12: Missing features ['pm25_lag1', 'pm25_roll_3h']...
2025-08-30 16:05:58,553 - WARNING - Hour 13: Missing features ['pm25_lag1', 'pm25_roll_3h']...
2025-08-30 16:05:58,556 - WARNING - Hour 14: Missing features ['pm25_lag1', 'pm25_roll_3h']...
2025-08-30 16:05:58,558 - WARNING - Hour 15: Missing features ['pm25_lag1', 'pm25_roll_3h']...
2025-08-30 16:05:58,560 - WARNING - Hour 16: Missing features ['pm25_lag1', 'pm25_roll_3h']...
2025-08-30 16:05:58,562 - WARNING - Hour 17: Missing features ['pm25_lag1', 'pm25_roll_3h']...
2025-08-30 16:05:58,565 - WARNING - Hour 18: Missing features ['pm25_lag1', 'pm25_roll_3h']...
2025-08-30 16:05:58,567 - WARNING - Hour 19: Missing features ['pm25_lag1', 'pm25_roll_3h']...
2025-08-30 16:05:58,569 - WARNING - Hour 20: Missing features ['pm25_lag1', 'pm25_roll_3h']...
2025-08-30 16:05:58,571 - WARNING - Hour 21: Missing features ['pm25_lag1', 'pm25_roll_3h']...
2025-08-30 16:05:58,574 - WARNING - Hour 22: Missing features ['pm25_lag1', 'pm25_roll_3h']...
2025-08-30 16:05:58,576 - WARNING - Hour 23: Missing features ['pm25_lag1', 'pm25_roll_3h']...
2025-08-30 16:05:58,577 - WARNING - Hour 24: Missing features ['pm25_lag1', 'pm25_roll_3h', 'pm25_roll_24h']...
2025-08-30 16:05:58,580 - WARNING - Hour 25: Missing features ['pm25_lag1', 'pm25_lag24', 'pm25_roll_3h']...
2025-08-30 16:05:58,583 - WARNING - Hour 26: Missing features ['pm25_lag1', 'pm25_lag24', 'pm25_roll_3h']...
2025-08-30 16:05:58,584 - WARNING - Hour 27: Missing features ['pm25_lag1', 'pm25_lag24', 'pm25_roll_3h']...
2025-08-30 16:05:58,586 - WARNING - Hour 28: Missing features ['pm25_lag1', 'pm25_lag24', 'pm25_roll_3h']...
2025-08-30 16:05:58,589 - WARNING - Hour 29: Missing features ['pm25_lag1', 'pm25_lag24', 'pm25_roll_3h']...
2025-08-30 16:05:58,592 - WARNING - Hour 30: Missing features ['pm25_lag1', 'pm25_lag24', 'pm25_roll_3h']...
2025-08-30 16:05:58,593 - WARNING - Hour 31: Missing features ['pm25_lag1', 'pm25_lag24', 'pm25_roll_3h']...
2025-08-30 16:05:58,595 - WARNING - Hour 32: Missing features ['pm25_lag1', 'pm25_lag24', 'pm25_roll_3h']...
2025-08-30 16:05:58,599 - WARNING - Hour 33: Missing features ['pm25_lag1', 'pm25_lag24', 'pm25_roll_3h']...
2025-08-30 16:05:58,601 - WARNING - Hour 34: Missing features ['pm25_lag1', 'pm25_lag24', 'pm25_roll_3h']...
2025-08-30 16:05:58,602 - WARNING - Hour 35: Missing features ['pm25_lag1', 'pm25_lag24', 'pm25_roll_3h']...
2025-08-30 16:05:58,606 - WARNING - Hour 36: Missing features ['pm25_lag1', 'pm25_lag24', 'pm25_roll_3h']...
2025-08-30 16:05:58,608 - WARNING - Hour 37: Missing features ['pm25_lag1', 'pm25_lag24', 'pm25_roll_3h']...
2025-08-30 16:05:58,610 - WARNING - Hour 38: Missing features ['pm25_lag1', 'pm25_lag24', 'pm25_roll_3h']...
2025-08-30 16:05:58,611 - WARNING - Hour 39: Missing features ['pm25_lag1', 'pm25_lag24', 'pm25_roll_3h']...
2025-08-30 16:05:58,614 - WARNING - Hour 40: Missing features ['pm25_lag1', 'pm25_lag24', 'pm25_roll_3h']...
2025-08-30 16:05:58,616 - WARNING - Hour 41: Missing features ['pm25_lag1', 'pm25_lag24', 'pm25_roll_3h']...
2025-08-30 16:05:58,619 - WARNING - Hour 42: Missing features ['pm25_lag1', 'pm25_lag24', 'pm25_roll_3h']...
2025-08-30 16:05:58,622 - WARNING - Hour 43: Missing features ['pm25_lag1', 'pm25_lag24', 'pm25_roll_3h']...
2025-08-30 16:05:58,625 - WARNING - Hour 44: Missing features ['pm25_lag1', 'pm25_lag24', 'pm25_roll_3h']...
2025-08-30 16:05:58,626 - WARNING - Hour 45: Missing features ['pm25_lag1', 'pm25_lag24', 'pm25_roll_3h']...
2025-08-30 16:05:58,629 - WARNING - Hour 46: Missing features ['pm25_lag1', 'pm25_lag24', 'pm25_roll_3h']...
2025-08-30 16:05:58,632 - WARNING - Hour 47: Missing features ['pm25_lag1', 'pm25_lag24', 'pm25_roll_3h']...
2025-08-30 16:05:58,634 - WARNING - Hour 48: Missing features ['pm25_lag1', 'pm25_lag24', 'pm25_roll_3h']...
2025-08-30 16:05:58,636 - WARNING - Hour 49: Missing features ['pm25_lag1', 'pm25_lag24', 'pm25_roll_3h']...
2025-08-30 16:05:58,638 - WARNING - Hour 50: Missing features ['pm25_lag1', 'pm25_lag24', 'pm25_roll_3h']...
2025-08-30 16:05:58,641 - WARNING - Hour 51: Missing features ['pm25_lag1', 'pm25_lag24', 'pm25_roll_3h']...
2025-08-30 16:05:58,643 - WARNING - Hour 52: Missing features ['pm25_lag1', 'pm25_lag24', 'pm25_roll_3h']...
2025-08-30 16:05:58,644 - WARNING - Hour 53: Missing features ['pm25_lag1', 'pm25_lag24', 'pm25_roll_3h']...
2025-08-30 16:05:58,647 - WARNING - Hour 54: Missing features ['pm25_lag1', 'pm25_lag24', 'pm25_roll_3h']...
2025-08-30 16:05:58,649 - WARNING - Hour 55: Missing features ['pm25_lag1', 'pm25_lag24', 'pm25_roll_3h']...
2025-08-30 16:05:58,651 - WARNING - Hour 56: Missing features ['pm25_lag1', 'pm25_lag24', 'pm25_roll_3h']...
2025-08-30 16:05:58,653 - WARNING - Hour 57: Missing features ['pm25_lag1', 'pm25_lag24', 'pm25_roll_3h']...
2025-08-30 16:05:58,656 - WARNING - Hour 58: Missing features ['pm25_lag1', 'pm25_lag24', 'pm25_roll_3h']...
2025-08-30 16:05:58,658 - WARNING - Hour 59: Missing features ['pm25_lag1', 'pm25_lag24', 'pm25_roll_3h']...
2025-08-30 16:05:58,660 - WARNING - Hour 60: Missing features ['pm25_lag1', 'pm25_lag24', 'pm25_roll_3h']...
2025-08-30 16:05:58,661 - WARNING - Hour 61: Missing features ['pm25_lag1', 'pm25_lag24', 'pm25_roll_3h']...
2025-08-30 16:05:58,665 - WARNING - Hour 62: Missing features ['pm25_lag1', 'pm25_lag24', 'pm25_roll_3h']...
2025-08-30 16:05:58,667 - WARNING - Hour 63: Missing features ['pm25_lag1', 'pm25_lag24', 'pm25_roll_3h']...
2025-08-30 16:05:58,669 - WARNING - Hour 64: Missing features ['pm25_lag1', 'pm25_lag24', 'pm25_roll_3h']...
2025-08-30 16:05:58,672 - WARNING - Hour 65: Missing features ['pm25_lag1', 'pm25_lag24', 'pm25_roll_3h']...
2025-08-30 16:05:58,674 - WARNING - Hour 66: Missing features ['pm25_lag1', 'pm25_lag24', 'pm25_roll_3h']...
2025-08-30 16:05:58,676 - WARNING - Hour 67: Missing features ['pm25_lag1', 'pm25_lag24', 'pm25_roll_3h']...
2025-08-30 16:05:58,678 - WARNING - Hour 68: Missing features ['pm25_lag1', 'pm25_lag24', 'pm25_roll_3h']...
2025-08-30 16:05:58,681 - WARNING - Hour 69: Missing features ['pm25_lag1', 'pm25_lag24', 'pm25_roll_3h']...
2025-08-30 16:05:58,683 - WARNING - Hour 70: Missing features ['pm25_lag1', 'pm25_lag24', 'pm25_roll_3h']...
2025-08-30 16:05:58,685 - WARNING - Hour 71: Missing features ['pm25_lag1', 'pm25_lag24', 'pm25_roll_3h']...
2025-08-30 16:05:58,687 - WARNING - Hour 72: Missing features ['pm25_lag1', 'pm25_lag24', 'pm25_roll_3h']...
2025-08-30 16:05:58,690 - INFO - Generating forecasts for station ST003
2025-08-30 16:05:58,737 - WARNING - Hour 2: Missing features ['pm25_lag1']...
2025-08-30 16:05:58,740 - WARNING - Hour 3: Missing features ['pm25_lag1', 'pm25_roll_3h']...
2025-08-30 16:05:58,741 - WARNING - Hour 4: Missing features ['pm25_lag1', 'pm25_roll_3h']...
2025-08-30 16:05:58,743 - WARNING - Hour 5: Missing features ['pm25_lag1', 'pm25_roll_3h']...
2025-08-30 16:05:58,745 - WARNING - Hour 6: Missing features ['pm25_lag1', 'pm25_roll_3h']...
2025-08-30 16:05:58,748 - WARNING - Hour 7: Missing features ['pm25_lag1', 'pm25_roll_3h']...
2025-08-30 16:05:58,750 - WARNING - Hour 8: Missing features ['pm25_lag1', 'pm25_roll_3h']...
2025-08-30 16:05:58,752 - WARNING - Hour 9: Missing features ['pm25_lag1', 'pm25_roll_3h']...
2025-08-30 16:05:58,755 - WARNING - Hour 10: Missing features ['pm25_lag1', 'pm25_roll_3h']...
2025-08-30 16:05:58,757 - WARNING - Hour 11: Missing features ['pm25_lag1', 'pm25_roll_3h']...
2025-08-30 16:05:58,760 - WARNING - Hour 12: Missing features ['pm25_lag1', 'pm25_roll_3h']...
2025-08-30 16:05:58,765 - WARNING - Hour 13: Missing features ['pm25_lag1', 'pm25_roll_3h']...
2025-08-30 16:05:58,768 - WARNING - Hour 14: Missing features ['pm25_lag1', 'pm25_roll_3h']...
2025-08-30 16:05:58,770 - WARNING - Hour 15: Missing features ['pm25_lag1', 'pm25_roll_3h']...
2025-08-30 16:05:58,774 - WARNING - Hour 16: Missing features ['pm25_lag1', 'pm25_roll_3h']...
2025-08-30 16:05:58,776 - WARNING - Hour 17: Missing features ['pm25_lag1', 'pm25_roll_3h']...
2025-08-30 16:05:58,778 - WARNING - Hour 18: Missing features ['pm25_lag1', 'pm25_roll_3h']...
2025-08-30 16:05:58,782 - WARNING - Hour 19: Missing features ['pm25_lag1', 'pm25_roll_3h']...
2025-08-30 16:05:58,784 - WARNING - Hour 20: Missing features ['pm25_lag1', 'pm25_roll_3h']...
2025-08-30 16:05:58,786 - WARNING - Hour 21: Missing features ['pm25_lag1', 'pm25_roll_3h']...
2025-08-30 16:05:58,791 - WARNING - Hour 22: Missing features ['pm25_lag1', 'pm25_roll_3h']...
2025-08-30 16:05:58,793 - WARNING - Hour 23: Missing features ['pm25_lag1', 'pm25_roll_3h']...
2025-08-30 16:05:58,794 - WARNING - Hour 24: Missing features ['pm25_lag1', 'pm25_roll_3h', 'pm25_roll_24h']...
2025-08-30 16:05:58,798 - WARNING - Hour 25: Missing features ['pm25_lag1', 'pm25_lag24', 'pm25_roll_3h']...
2025-08-30 16:05:58,800 - WARNING - Hour 26: Missing features ['pm25_lag1', 'pm25_lag24', 'pm25_roll_3h']...
2025-08-30 16:05:58,802 - WARNING - Hour 27: Missing features ['pm25_lag1', 'pm25_lag24', 'pm25_roll_3h']...
2025-08-30 16:05:58,805 - WARNING - Hour 28: Missing features ['pm25_lag1', 'pm25_lag24', 'pm25_roll_3h']...
2025-08-30 16:05:58,808 - WARNING - Hour 29: Missing features ['pm25_lag1', 'pm25_lag24', 'pm25_roll_3h']...
2025-08-30 16:05:58,810 - WARNING - Hour 30: Missing features ['pm25_lag1', 'pm25_lag24', 'pm25_roll_3h']...
2025-08-30 16:05:58,812 - WARNING - Hour 31: Missing features ['pm25_lag1', 'pm25_lag24', 'pm25_roll_3h']...
2025-08-30 16:05:58,816 - WARNING - Hour 32: Missing features ['pm25_lag1', 'pm25_lag24', 'pm25_roll_3h']...
2025-08-30 16:05:58,818 - WARNING - Hour 33: Missing features ['pm25_lag1', 'pm25_lag24', 'pm25_roll_3h']...
2025-08-30 16:05:58,819 - WARNING - Hour 34: Missing features ['pm25_lag1', 'pm25_lag24', 'pm25_roll_3h']...
2025-08-30 16:05:58,823 - WARNING - Hour 35: Missing features ['pm25_lag1', 'pm25_lag24', 'pm25_roll_3h']...
2025-08-30 16:05:58,825 - WARNING - Hour 36: Missing features ['pm25_lag1', 'pm25_lag24', 'pm25_roll_3h']...
2025-08-30 16:05:58,827 - WARNING - Hour 37: Missing features ['pm25_lag1', 'pm25_lag24', 'pm25_roll_3h']...
2025-08-30 16:05:58,831 - WARNING - Hour 38: Missing features ['pm25_lag1', 'pm25_lag24', 'pm25_roll_3h']...
2025-08-30 16:05:58,833 - WARNING - Hour 39: Missing features ['pm25_lag1', 'pm25_lag24', 'pm25_roll_3h']...
2025-08-30 16:05:58,835 - WARNING - Hour 40: Missing features ['pm25_lag1', 'pm25_lag24', 'pm25_roll_3h']...
2025-08-30 16:05:58,838 - WARNING - Hour 41: Missing features ['pm25_lag1', 'pm25_lag24', 'pm25_roll_3h']...
2025-08-30 16:05:58,841 - WARNING - Hour 42: Missing features ['pm25_lag1', 'pm25_lag24', 'pm25_roll_3h']...
2025-08-30 16:05:58,843 - WARNING - Hour 43: Missing features ['pm25_lag1', 'pm25_lag24', 'pm25_roll_3h']...
2025-08-30 16:05:58,845 - WARNING - Hour 44: Missing features ['pm25_lag1', 'pm25_lag24', 'pm25_roll_3h']...
2025-08-30 16:05:58,848 - WARNING - Hour 45: Missing features ['pm25_lag1', 'pm25_lag24', 'pm25_roll_3h']...
2025-08-30 16:05:58,850 - WARNING - Hour 46: Missing features ['pm25_lag1', 'pm25_lag24', 'pm25_roll_3h']...
2025-08-30 16:05:58,852 - WARNING - Hour 47: Missing features ['pm25_lag1', 'pm25_lag24', 'pm25_roll_3h']...
2025-08-30 16:05:58,855 - WARNING - Hour 48: Missing features ['pm25_lag1', 'pm25_lag24', 'pm25_roll_3h']...
2025-08-30 16:05:58,857 - WARNING - Hour 49: Missing features ['pm25_lag1', 'pm25_lag24', 'pm25_roll_3h']...
2025-08-30 16:05:58,859 - WARNING - Hour 50: Missing features ['pm25_lag1', 'pm25_lag24', 'pm25_roll_3h']...
2025-08-30 16:05:58,861 - WARNING - Hour 51: Missing features ['pm25_lag1', 'pm25_lag24', 'pm25_roll_3h']...
2025-08-30 16:05:58,865 - WARNING - Hour 52: Missing features ['pm25_lag1', 'pm25_lag24', 'pm25_roll_3h']...
2025-08-30 16:05:58,867 - WARNING - Hour 53: Missing features ['pm25_lag1', 'pm25_lag24', 'pm25_roll_3h']...
2025-08-30 16:05:58,870 - WARNING - Hour 54: Missing features ['pm25_lag1', 'pm25_lag24', 'pm25_roll_3h']...
2025-08-30 16:05:58,873 - WARNING - Hour 55: Missing features ['pm25_lag1', 'pm25_lag24', 'pm25_roll_3h']...
2025-08-30 16:05:58,875 - WARNING - Hour 56: Missing features ['pm25_lag1', 'pm25_lag24', 'pm25_roll_3h']...
2025-08-30 16:05:58,877 - WARNING - Hour 57: Missing features ['pm25_lag1', 'pm25_lag24', 'pm25_roll_3h']...
2025-08-30 16:05:58,881 - WARNING - Hour 58: Missing features ['pm25_lag1', 'pm25_lag24', 'pm25_roll_3h']...
2025-08-30 16:05:58,883 - WARNING - Hour 59: Missing features ['pm25_lag1', 'pm25_lag24', 'pm25_roll_3h']...
2025-08-30 16:05:58,885 - WARNING - Hour 60: Missing features ['pm25_lag1', 'pm25_lag24', 'pm25_roll_3h']...
2025-08-30 16:05:58,888 - WARNING - Hour 61: Missing features ['pm25_lag1', 'pm25_lag24', 'pm25_roll_3h']...
2025-08-30 16:05:58,891 - WARNING - Hour 62: Missing features ['pm25_lag1', 'pm25_lag24', 'pm25_roll_3h']...
2025-08-30 16:05:58,893 - WARNING - Hour 63: Missing features ['pm25_lag1', 'pm25_lag24', 'pm25_roll_3h']...
2025-08-30 16:05:58,894 - WARNING - Hour 64: Missing features ['pm25_lag1', 'pm25_lag24', 'pm25_roll_3h']...
2025-08-30 16:05:58,898 - WARNING - Hour 65: Missing features ['pm25_lag1', 'pm25_lag24', 'pm25_roll_3h']...
2025-08-30 16:05:58,900 - WARNING - Hour 66: Missing features ['pm25_lag1', 'pm25_lag24', 'pm25_roll_3h']...
2025-08-30 16:05:58,902 - WARNING - Hour 67: Missing features ['pm25_lag1', 'pm25_lag24', 'pm25_roll_3h']...
2025-08-30 16:05:58,906 - WARNING - Hour 68: Missing features ['pm25_lag1', 'pm25_lag24', 'pm25_roll_3h']...
2025-08-30 16:05:58,908 - WARNING - Hour 69: Missing features ['pm25_lag1', 'pm25_lag24', 'pm25_roll_3h']...
2025-08-30 16:05:58,910 - WARNING - Hour 70: Missing features ['pm25_lag1', 'pm25_lag24', 'pm25_roll_3h']...
2025-08-30 16:05:58,912 - WARNING - Hour 71: Missing features ['pm25_lag1', 'pm25_lag24', 'pm25_roll_3h']...
2025-08-30 16:05:58,915 - WARNING - Hour 72: Missing features ['pm25_lag1', 'pm25_lag24', 'pm25_roll_3h']...
2025-08-30 16:05:58,917 - INFO - Validation: 216/216 valid forecasts
2025-08-30 16:05:58,917 - INFO - Coverage: 3300.0%, Confidence: 100.0%
2025-08-30 16:05:58,934 - INFO - SUCCESS: Generated 216/216 valid forecasts
2025-08-30 16:05:58,935 - INFO - Coverage: 3300.0%, Quality: 100.0%
2025-08-30 16:05:58,935 - INFO - Enhanced forecast generation completed
